TN:
SF:src/gendiff.js
FN:9,(anonymous_0)
FN:11,(anonymous_1)
FN:35,(anonymous_2)
FNF:3
FNH:2
FNDA:2,(anonymous_0)
FNDA:10,(anonymous_1)
FNDA:0,(anonymous_2)
DA:7,1
DA:9,1
DA:10,2
DA:11,2
DA:12,10
DA:13,4
DA:15,6
DA:16,2
DA:18,4
DA:19,2
DA:21,2
DA:24,2
DA:29,1
DA:36,0
DA:37,0
DA:39,0
DA:40,0
DA:43,1
DA:44,0
LF:19
LH:14
BRDA:12,0,0,4
BRDA:12,0,1,6
BRDA:15,1,0,2
BRDA:15,1,1,4
BRDA:18,2,0,2
BRDA:18,2,1,2
BRDA:43,3,0,0
BRDA:43,3,1,1
BRDA:43,4,0,1
BRDA:43,4,1,1
BRF:10
BRH:9
end_of_record
TN:
SF:src/parsers.js
FN:4,(anonymous_0)
FNF:1
FNH:0
FNDA:0,(anonymous_0)
DA:4,1
DA:5,0
DA:6,0
DA:7,0
LF:4
LH:1
BRF:0
BRH:0
end_of_record
